
===== LiteDefender started at 2025-04-24 19:30:37 =====
2025-04-24 19:30:37 [INFO] Scanner initialized

===== LiteDefender started at 2025-04-24 19:30:37 =====
2025-04-24 19:30:37 [INFO] Scanner initialized

===== LiteDefender started at 2025-04-24 19:30:37 =====
2025-04-24 19:30:37 [INFO] Monitor initialized

===== LiteDefender started at 2025-04-24 19:30:37 =====
2025-04-24 19:30:37 [INFO] Initializing scanner
2025-04-24 19:30:37 [ERROR] Signatures file not found: signatures/malware_signatures.txt
===== LiteDefender stopped at 2025-04-24 19:30:37 =====

2025-04-24 19:30:37 [INFO] Monitor destroyed
===== LiteDefender stopped at 2025-04-24 19:30:37 =====

2025-04-24 19:30:37 [INFO] Scanner destroyed
===== LiteDefender stopped at 2025-04-24 19:30:37 =====

2025-04-24 19:30:37 [INFO] Scanner destroyed
===== LiteDefender stopped at 2025-04-24 19:30:37 =====


===== LiteDefender started at 2025-04-24 19:32:05 =====
2025-04-24 19:32:05 [INFO] Scanner initialized

===== LiteDefender started at 2025-04-24 19:32:05 =====
2025-04-24 19:32:05 [INFO] Scanner initialized

===== LiteDefender started at 2025-04-24 19:32:05 =====
2025-04-24 19:32:05 [INFO] Monitor initialized

===== LiteDefender started at 2025-04-24 19:32:05 =====
2025-04-24 19:32:05 [INFO] Initializing scanner
2025-04-24 19:32:05 [ERROR] Signatures file not found: signatures/malware_signatures.txt
===== LiteDefender stopped at 2025-04-24 19:32:05 =====

2025-04-24 19:32:05 [INFO] Monitor destroyed
===== LiteDefender stopped at 2025-04-24 19:32:05 =====

2025-04-24 19:32:05 [INFO] Scanner destroyed
===== LiteDefender stopped at 2025-04-24 19:32:05 =====

2025-04-24 19:32:05 [INFO] Scanner destroyed
===== LiteDefender stopped at 2025-04-24 19:32:05 =====


===== LiteDefender started at 2025-04-24 19:33:50 =====
2025-04-24 19:33:50 [INFO] Scanner initialized

===== LiteDefender started at 2025-04-24 19:33:50 =====
2025-04-24 19:33:50 [INFO] Scanner initialized

===== LiteDefender started at 2025-04-24 19:33:50 =====
2025-04-24 19:33:50 [INFO] Monitor initialized

===== LiteDefender started at 2025-04-24 19:33:50 =====
2025-04-24 19:33:50 [INFO] Initializing scanner
2025-04-24 19:33:50 [ERROR] Signatures file not found: signatures/malware_signatures.txt
===== LiteDefender stopped at 2025-04-24 19:33:50 =====

2025-04-24 19:33:50 [INFO] Monitor destroyed
===== LiteDefender stopped at 2025-04-24 19:33:50 =====

2025-04-24 19:33:50 [INFO] Scanner destroyed
===== LiteDefender stopped at 2025-04-24 19:33:50 =====

2025-04-24 19:33:50 [INFO] Scanner destroyed
===== LiteDefender stopped at 2025-04-24 19:33:50 =====


===== LiteDefender started at 2025-04-24 19:34:18 =====
2025-04-24 19:34:18 [INFO] Scanner initialized

===== LiteDefender started at 2025-04-24 19:34:18 =====
2025-04-24 19:34:18 [INFO] Scanner initialized

===== LiteDefender started at 2025-04-24 19:34:18 =====
2025-04-24 19:34:18 [INFO] Monitor initialized

===== LiteDefender started at 2025-04-24 19:34:18 =====
2025-04-24 19:34:18 [INFO] Initializing scanner
2025-04-24 19:34:18 [ERROR] Signatures file not found: signatures/malware_signatures.txt
===== LiteDefender stopped at 2025-04-24 19:34:18 =====

2025-04-24 19:34:18 [INFO] Monitor destroyed
===== LiteDefender stopped at 2025-04-24 19:34:18 =====

2025-04-24 19:34:18 [INFO] Scanner destroyed
===== LiteDefender stopped at 2025-04-24 19:34:18 =====

2025-04-24 19:34:18 [INFO] Scanner destroyed
===== LiteDefender stopped at 2025-04-24 19:34:18 =====


===== LiteDefender started at 2025-04-24 19:46:34 =====
2025-04-24 19:46:34 [INFO] Scanner initialized

===== LiteDefender started at 2025-04-24 19:46:34 =====
2025-04-24 19:46:34 [INFO] Scanner initialized

===== LiteDefender started at 2025-04-24 19:46:34 =====
2025-04-24 19:46:34 [INFO] Monitor initialized

===== LiteDefender started at 2025-04-24 19:46:34 =====
2025-04-24 19:46:34 [INFO] Initializing scanner
2025-04-24 19:46:34 [ERROR] Signatures file not found: signatures/malware_signatures.txt
===== LiteDefender stopped at 2025-04-24 19:46:34 =====

2025-04-24 19:46:34 [INFO] Monitor destroyed
===== LiteDefender stopped at 2025-04-24 19:46:34 =====

2025-04-24 19:46:34 [INFO] Scanner destroyed
===== LiteDefender stopped at 2025-04-24 19:46:34 =====

2025-04-24 19:46:34 [INFO] Scanner destroyed
===== LiteDefender stopped at 2025-04-24 19:46:34 =====

